{"message":"Connected","level":"info"}
{"message":"Logged in as: ","level":"info"}
{"message":"MirrorBot - (633350391706288129)","level":"info"}
{"message":"https://clips.twitch.tv/ZanySmokyWalrusYee urls: https://clips.twitch.tv/ZanySmokyWalrusYee","level":"info"}
Sending msg: Downloading Clip....
{"message":"Downloading Clip.... urls: ","level":"info"}
Download started
filename: bot pog-552144356.mp4
size: 45391562
bot pog-552144356.mp4
Sending msg: Uploading to streamable....
{"message":"Uploading to streamable.... urls: ","level":"info"}
Sending msg: https://www.streamable.com/lfsdj Please note the video may still be processing
bot pog-552144356.mp4 was deleted
{"message":"https://www.streamable.com/lfsdj Please note the video may still be processing urls: https://streamable.com/lfsdj","level":"info"}
{"message":"https://clips.twitch.tv/UgliestProtectiveAardvarkTakeNRG urls: https://clips.twitch.tv/UgliestProtectiveAardvarkTakeNRG","level":"info"}
Sending msg: Downloading Clip....
{"message":"Downloading Clip.... urls: ","level":"info"}
Download started
filename: murder samplers parents, take your own life and now you wanna be hitler monkaHmm-552241923.mp4
size: 22154234
murder samplers parents, take your own life and now you wanna be hitler monkaHmm-552241923.mp4
Sending msg: Uploading to streamable....
{"message":"Uploading to streamable.... urls: ","level":"info"}
Sending msg: https://www.streamable.com/d2u83 Please note the video may still be processing
murder samplers parents, take your own life and now you wanna be hitler monkaHmm-552241923.mp4 was deleted
{"message":"https://www.streamable.com/d2u83 Please note the video may still be processing urls: https://streamable.com/d2u83","level":"info"}
{"message":"<@486224850650791947> urls: ","level":"info"}
{"message":"<@142457707289378816> urls: ","level":"info"}
{"message":":) urls: ","level":"info"}
{"message":"<:marco:616073640374566933> urls: ","level":"info"}
{"message":"<:marco:616073640374566933> urls: ","level":"info"}
{"message":"<:marco:616073640374566933> urls: ","level":"info"}
{"message":"https://clips.twitch.tv/AmusedCautiousArtichokeFunRun urls: https://clips.twitch.tv/AmusedCautiousArtichokeFunRun","level":"info"}
Sending msg: Downloading Clip....
{"message":"Downloading Clip.... urls: ","level":"info"}
Download started
filename: rage-530561496.mp4
size: 21458601
rage-530561496.mp4
Sending msg: Uploading to streamable....
{"message":"Uploading to streamable.... urls: ","level":"info"}
Sending msg: https://www.streamable.com/d6p53 Please note the video may still be processing
rage-530561496.mp4 was deleted
{"message":"https://www.streamable.com/d6p53 Please note the video may still be processing urls: https://streamable.com/d6p53","level":"info"}
{"message":"https://clips.twitch.tv/SuperSplendidLemurUWot urls: https://clips.twitch.tv/SuperSplendidLemurUWot","level":"info"}
Sending msg: Downloading Clip....
{"message":"Downloading Clip.... urls: ","level":"info"}
Download started
filename: KappaPride-521974068.mp4
size: 29977502
KappaPride-521974068.mp4
Sending msg: Uploading to streamable....
{"message":"Uploading to streamable.... urls: ","level":"info"}
Sending msg: https://www.streamable.com/r4abq Please note the video may still be processing
KappaPride-521974068.mp4 was deleted
{"message":"https://www.streamable.com/r4abq Please note the video may still be processing urls: https://streamable.com/r4abq","level":"info"}
